[2m12:15:32 PM[22m [31m[1m[vite][22m[39m [31mhttp proxy error: /api/v1/marketing[39m
AggregateError [ECONNREFUSED]: 
    at internalConnectMultiple (node:net:1193:18)
    at afterConnectMultiple (node:net:1783:7)
[2m12:15:32 PM[22m [31m[1m[vite][22m[39m [31m[2m(client)[22m[39m [31m[Unhandled error] [1mTypeError[22m: Cannot read properties of undefined (reading 'planned')
[39m > LandingPage src/app/App.tsx:6376:140
    6374 |                  <div className="mini-stats">
    6375 |                    <article><small>SPRINT HEALTH</small><strong>{marketing?.preview?.sprintHealth ?? "—"}<span>{market...
    6376 |  ...completed ?? "—"}<span>{marketing ? ` / ${marketing.preview.planned}` : ""}</span></strong><div className="mini-ba...
         |                                                                 ^
    6377 |                    <article><small>TEAM VELOCITY</small><strong>{marketing ? `+${marketing.preview.velocityChange}` : ...
    6378 |                  </div>
 > Object.react_stack_bottom_frame node_modules/react-dom/cjs/react-dom-client.development.js:25904:19
 > renderWithHooks node_modules/react-dom/cjs/react-dom-client.development.js:7662:21
 > updateFunctionComponent node_modules/react-dom/cjs/react-dom-client.development.js:10166:18
 > beginWork node_modules/react-dom/cjs/react-dom-client.development.js:11778:17
 > runWithFiberInDEV node_modules/react-dom/cjs/react-dom-client.development.js:871:29
 > performUnitOfWork node_modules/react-dom/cjs/react-dom-client.development.js:17641:21
 > workLoopSync node_modules/react-dom/cjs/react-dom-client.development.js:17469:40
 > renderRootSync node_modules/react-dom/cjs/react-dom-client.development.js:17450:10
 > performWorkOnRoot node_modules/react-dom/cjs/react-dom-client.development.js:16583:34

[2m12:15:32 PM[22m [33m[1m[vite][22m[39m [33m[2m(client)[22m[39m [2m[console.warn] [22mAn error occurred in the <LandingPage> component.

Consider adding an error boundary to your tree to customize error handling behavior.
Visit https://react.dev/link/error-boundaries to learn more about error boundaries.

